[debug] [2026-04-01T15:56:31.602Z] ----------------------------------------------------------------------
[debug] [2026-04-01T15:56:31.614Z] Command:       C:\Program Files\nodejs\node.exe C:\Users\Pavillion\AppData\Roaming\npm\node_modules\firebase-tools\lib\bin\firebase.js deploy --only hosting
[debug] [2026-04-01T15:56:31.614Z] CLI Version:   15.9.1
[debug] [2026-04-01T15:56:31.615Z] Platform:      win32
[debug] [2026-04-01T15:56:31.615Z] Node Version:  v24.14.0
[debug] [2026-04-01T15:56:31.615Z] Time:          Wed Apr 01 2026 23:56:31 GMT+0800 (Singapore Standard Time)
[debug] [2026-04-01T15:56:31.615Z] ----------------------------------------------------------------------
[debug] 
[debug] [2026-04-01T15:56:34.653Z] Object "" in "firebase.json" has unknown property: {"additionalProperty":"flutter"}
[debug] [2026-04-01T15:56:34.658Z] > command requires scopes: ["email","openid","https://www.googleapis.com/auth/cloudplatformprojects.readonly","https://www.googleapis.com/auth/firebase","https://www.googleapis.com/auth/cloud-platform"]
[debug] [2026-04-01T15:56:34.659Z] > authorizing via signed-in user (danryuzaki00@gmail.com)
[debug] [2026-04-01T15:56:34.659Z] [iam] checking project qrbasedwebassistedattendances for permissions ["firebase.projects.get","firebasehosting.sites.update"]
[debug] [2026-04-01T15:56:34.661Z] Checked if tokens are valid: true, expires at: 1775061071643
[debug] [2026-04-01T15:56:34.661Z] Checked if tokens are valid: true, expires at: 1775061071643
[debug] [2026-04-01T15:56:34.663Z] >>> [apiv2][query] POST https://cloudresourcemanager.googleapis.com/v1/projects/qrbasedwebassistedattendances:testIamPermissions [none]
[debug] [2026-04-01T15:56:34.663Z] >>> [apiv2][(partial)header] POST https://cloudresourcemanager.googleapis.com/v1/projects/qrbasedwebassistedattendances:testIamPermissions  x-goog-user-project=qrbasedwebassistedattendances
[debug] [2026-04-01T15:56:34.663Z] >>> [apiv2][body] POST https://cloudresourcemanager.googleapis.com/v1/projects/qrbasedwebassistedattendances:testIamPermissions {"permissions":["firebase.projects.get","firebasehosting.sites.update"]}
[debug] [2026-04-01T15:56:39.156Z] <<< [apiv2][status] POST https://cloudresourcemanager.googleapis.com/v1/projects/qrbasedwebassistedattendances:testIamPermissions 200
[debug] [2026-04-01T15:56:39.157Z] <<< [apiv2][body] POST https://cloudresourcemanager.googleapis.com/v1/projects/qrbasedwebassistedattendances:testIamPermissions {"permissions":["firebase.projects.get","firebasehosting.sites.update"]}
[debug] [2026-04-01T15:56:39.158Z] Checked if tokens are valid: true, expires at: 1775061071643
[debug] [2026-04-01T15:56:39.158Z] Checked if tokens are valid: true, expires at: 1775061071643
[debug] [2026-04-01T15:56:39.159Z] >>> [apiv2][query] GET https://firebase.googleapis.com/v1beta1/projects/qrbasedwebassistedattendances [none]
[debug] [2026-04-01T15:56:42.226Z] <<< [apiv2][status] GET https://firebase.googleapis.com/v1beta1/projects/qrbasedwebassistedattendances 200
[debug] [2026-04-01T15:56:42.226Z] <<< [apiv2][body] GET https://firebase.googleapis.com/v1beta1/projects/qrbasedwebassistedattendances {"projectId":"qrbasedwebassistedattendances","projectNumber":"718827611886","displayName":"QRbasedWebAttendanceSys","name":"projects/qrbasedwebassistedattendances","resources":{"hostingSite":"qrbasedwebassistedattendances"},"state":"ACTIVE","etag":"1_aad9e1c5-e0c1-4152-a9c4-d8d9ae39729d"}
[info] 
[info] === Deploying to 'qrbasedwebassistedattendances'...
[info] 
[info] i  deploying hosting 
[debug] [2026-04-01T15:56:42.249Z] Checked if tokens are valid: true, expires at: 1775061071643
[debug] [2026-04-01T15:56:42.249Z] Checked if tokens are valid: true, expires at: 1775061071643
[debug] [2026-04-01T15:56:42.249Z] >>> [apiv2][query] POST https://firebasehosting.googleapis.com/v1beta1/projects/-/sites/classscan/versions [none]
[debug] [2026-04-01T15:56:42.250Z] >>> [apiv2][body] POST https://firebasehosting.googleapis.com/v1beta1/projects/-/sites/classscan/versions {"status":"CREATED","labels":{"deployment-tool":"cli-firebase"}}
[debug] [2026-04-01T15:56:43.959Z] <<< [apiv2][status] POST https://firebasehosting.googleapis.com/v1beta1/projects/-/sites/classscan/versions 200
[debug] [2026-04-01T15:56:43.960Z] <<< [apiv2][body] POST https://firebasehosting.googleapis.com/v1beta1/projects/-/sites/classscan/versions {"name":"projects/718827611886/sites/classscan/versions/4ad0f5c565e8d32a","status":"CREATED","config":{},"labels":{"deployment-tool":"cli-firebase"}}
[info] i  hosting[classscan]: beginning deploy... 
[info] i  hosting[classscan]: found 34 files in build/web 
[debug] [2026-04-01T15:57:03.480Z] [hosting] uploading with 200 concurrency
[debug] [2026-04-01T15:57:03.782Z] Checked if tokens are valid: true, expires at: 1775061071643
[debug] [2026-04-01T15:57:03.783Z] Checked if tokens are valid: true, expires at: 1775061071643
[debug] [2026-04-01T15:57:03.786Z] [hosting] hash cache [YnVpbGRcd2Vi] stored for 34 files
[debug] [2026-04-01T15:57:03.786Z] [hosting][hash queue][FINAL] {"max":292,"min":1,"avg":20.41176470588235,"active":0,"complete":34,"success":34,"errored":0,"retried":0,"total":34,"elapsed":301}
[debug] [2026-04-01T15:57:03.787Z] >>> [apiv2][query] POST https://firebasehosting.googleapis.com/v1beta1/projects/718827611886/sites/classscan/versions/4ad0f5c565e8d32a:populateFiles [none]
[debug] [2026-04-01T15:57:03.787Z] >>> [apiv2][body] POST https://firebasehosting.googleapis.com/v1beta1/projects/718827611886/sites/classscan/versions/4ad0f5c565e8d32a:populateFiles {"files":{"/flutter.js":"f18220d166d49cbef02491208c46f2c5e54db9739184e304fc55b199b5724407\r","/favicon.png":"bbab796e93d548a75a73fcc3957bcebee20f74f4f27358adc7d764d8e20b2f7a","/canvaskit/wimp.wasm":"3cdd16af4aaac5fd1827b4c4c0ea96b484050144de89b9398a84069d2409825a\r","/canvaskit/wimp.js.symbols":"d3cbef5f2b54f632170746b3df516ec00469700edb6907ca8a640d570d5a17e2\r","/canvaskit/wimp.js":"23db45b93eec24dd6db46ac5a6fafbf0063eb50c0dcd7d253f774e050ab1baa3\r","/canvaskit/skwasm_heavy.wasm":"87639b6a3e4c4ec213fd3b076d6c0cd4374106dcbfa901bfc9dc008c5fd0effb\r","/canvaskit/skwasm_heavy.js.symbols":"3fc870d752c1cef6825b990f313d718783196a8c81cb4247dbdc7a7d4fb4ea56\r","/canvaskit/skwasm_heavy.js":"dd3642e247a1ea4a8c519b76278011bb194471c590373ae2659f1d3cb793287c\r","/canvaskit/skwasm.wasm":"32d9dd72d8062fb129f257e44e79d1fe1267b9839e95c3343afcc47363a706e4\r","/canvaskit/skwasm.js.symbols":"c4c72f0564d1f85515bf583fb7e3a6be573104cabcedb0796d17d5d7483816d8\r","/canvaskit/skwasm.js":"91ea675d523ad0a19696479888658953e290f9798a43dae6b87d9ab60cc40c1a\r","/canvaskit/canvaskit.wasm":"85d12f5346f88f15c8da693b0b412278296648c36c7c3b855d45b09cfd297a4c\r","/canvaskit/canvaskit.js.symbols":"357ce2409640792b0755f7482bf069221006dbe9b26f3cea4b0e6f0f547ef453\r","/canvaskit/canvaskit.js":"e0e67f4b85a07ff9b9861c9f49bf88860368ec96fb4115c0d4684f54596f9700\r","/canvaskit/chromium/canvaskit.wasm":"5d567191a93c5590268429b7831b7c6618fb53789098b60cdc0eb5dd2ba6e082\r","/canvaskit/chromium/canvaskit.js.symbols":"18d71aedfe906702127b1bbb76c0b8be8cbf43798c018e12028021aaa105817f\r","/canvaskit/chromium/canvaskit.js":"ed67753aa5382460fefd96876bf5dc40c5d242d56b37664abc8468a6772478df\r","/assets/assets/icons/favicon.png":"bbab796e93d548a75a73fcc3957bcebee20f74f4f27358adc7d764d8e20b2f7a","/assets/assets/background/bg_1.png":"70f003d73e6f425cf3a5c106f625134a7697b2d2383386ddcd962cb177dfe8bb","/version.json":"1af10eb0f43f8ff8298874a306edd77eec0c7cd2b516aadc91190f57d4a67303","/manifest.json":"033d34f3f28b9c50bfc993b248d82b789f3e832b1ebe227e23294d618a479837","/index.html":"9dda00a7b66c3c6ef8de3d082dc284de30852c099ccfe14f1979b06faad4aa6f","/flutter_service_worker.js":"c73b271847ffc78c576de35e95f6b46187eefb1d97dcb08eb9d84c45954ff310","/flutter_bootstrap.js":"651927ed936bfb09fd7e8f95dbf30a753e3f300acec7696451c77dfd1eaa7b1a","/assets/AssetManifest.bin.json":"112ca9ed1fd77f677432deb20b8818fda9fd7de82b1458fa5920e150f32a1675","/assets/FontManifest.json":"389bc0d1402289782476248bbdb6423e561dbcc126882da9f22a1da7b5aa4c69","/assets/shaders/stretch_effect.frag":"df37894a7ac7854986bfa5d515e9af03d9138bb77be4d027db848785ebe9e357","/assets/AssetManifest.bin":"f253129853bf77737b621b6ebe4107deb475e1d364ac80d69f18b391ed0ed288","/assets/shaders/ink_sparkle.frag":"9d529f4d93e5dabf338537416221237a0042f9cee61c98a357340d0273c67293","/assets/packages/iconsax_flutter/fonts/FlutterIconsax.ttf":"c5e295da52e69cddbd46a62e7b7c12dbcc36b4c09bbcacf475a61aeca5a3b820","/assets/packages/cupertino_icons/assets/CupertinoIcons.ttf":"d41473de1f7708a0702d7f19327693486512db442f6ab0cf7774e6d6576f9fcb","/assets/fonts/MaterialIcons-Regular.otf":"f8f027f0684a45e0c2e35a3d161d63cb5c48dfb04a928e694df4ff5f32020f28","/assets/NOTICES":"ccaabc8e39e2918a176bd5369451429800dc5a8268b4d054da70052b26a5c091","/main.dart.js":"9fa45ac3216fe1449a37fb39fb296157998af993e5eba3e3f4a826c6bbb0313f"}}
[debug] [2026-04-01T15:57:05.413Z] <<< [apiv2][status] POST https://firebasehosting.googleapis.com/v1beta1/projects/718827611886/sites/classscan/versions/4ad0f5c565e8d32a:populateFiles 200
[debug] [2026-04-01T15:57:05.414Z] <<< [apiv2][body] POST https://firebasehosting.googleapis.com/v1beta1/projects/718827611886/sites/classscan/versions/4ad0f5c565e8d32a:populateFiles {"uploadRequiredHashes":["033d34f3f28b9c50bfc993b248d82b789f3e832b1ebe227e23294d618a479837","651927ed936bfb09fd7e8f95dbf30a753e3f300acec7696451c77dfd1eaa7b1a","9dda00a7b66c3c6ef8de3d082dc284de30852c099ccfe14f1979b06faad4aa6f"],"uploadUrl":"https://upload-firebasehosting.googleapis.com/upload/sites/classscan/versions/4ad0f5c565e8d32a/files"}
[debug] [2026-04-01T15:57:05.416Z] Checked if tokens are valid: true, expires at: 1775061071643
[debug] [2026-04-01T15:57:05.416Z] Checked if tokens are valid: true, expires at: 1775061071643
[debug] [2026-04-01T15:57:05.417Z] Checked if tokens are valid: true, expires at: 1775061071643
[debug] [2026-04-01T15:57:05.418Z] Checked if tokens are valid: true, expires at: 1775061071643
[debug] [2026-04-01T15:57:05.418Z] Checked if tokens are valid: true, expires at: 1775061071643
[debug] [2026-04-01T15:57:05.419Z] Checked if tokens are valid: true, expires at: 1775061071643
[debug] [2026-04-01T15:57:05.419Z] >>> [apiv2][query] POST https://upload-firebasehosting.googleapis.com/upload/sites/classscan/versions/4ad0f5c565e8d32a/files/033d34f3f28b9c50bfc993b248d82b789f3e832b1ebe227e23294d618a479837 [none]
[debug] [2026-04-01T15:57:05.419Z] >>> [apiv2][body] POST https://upload-firebasehosting.googleapis.com/upload/sites/classscan/versions/4ad0f5c565e8d32a/files/033d34f3f28b9c50bfc993b248d82b789f3e832b1ebe227e23294d618a479837 [stream]
[debug] [2026-04-01T15:57:05.426Z] >>> [apiv2][query] POST https://upload-firebasehosting.googleapis.com/upload/sites/classscan/versions/4ad0f5c565e8d32a/files/651927ed936bfb09fd7e8f95dbf30a753e3f300acec7696451c77dfd1eaa7b1a [none]
[debug] [2026-04-01T15:57:05.426Z] >>> [apiv2][body] POST https://upload-firebasehosting.googleapis.com/upload/sites/classscan/versions/4ad0f5c565e8d32a/files/651927ed936bfb09fd7e8f95dbf30a753e3f300acec7696451c77dfd1eaa7b1a [stream]
[debug] [2026-04-01T15:57:05.430Z] >>> [apiv2][query] POST https://upload-firebasehosting.googleapis.com/upload/sites/classscan/versions/4ad0f5c565e8d32a/files/9dda00a7b66c3c6ef8de3d082dc284de30852c099ccfe14f1979b06faad4aa6f [none]
[debug] [2026-04-01T15:57:05.430Z] >>> [apiv2][body] POST https://upload-firebasehosting.googleapis.com/upload/sites/classscan/versions/4ad0f5c565e8d32a/files/9dda00a7b66c3c6ef8de3d082dc284de30852c099ccfe14f1979b06faad4aa6f [stream]
[debug] [2026-04-01T15:57:05.433Z] [hosting][populate queue][FINAL] {"max":1637,"min":1637,"avg":1637,"active":0,"complete":1,"success":1,"errored":0,"retried":0,"total":1,"elapsed":1651}
[debug] [2026-04-01T15:57:05.433Z] [hosting] uploads queued: 3
[debug] [2026-04-01T15:57:07.304Z] <<< [apiv2][status] POST https://upload-firebasehosting.googleapis.com/upload/sites/classscan/versions/4ad0f5c565e8d32a/files/033d34f3f28b9c50bfc993b248d82b789f3e832b1ebe227e23294d618a479837 200
[debug] [2026-04-01T15:57:07.305Z] <<< [apiv2][body] POST https://upload-firebasehosting.googleapis.com/upload/sites/classscan/versions/4ad0f5c565e8d32a/files/033d34f3f28b9c50bfc993b248d82b789f3e832b1ebe227e23294d618a479837 [stream]
[debug] [2026-04-01T15:57:07.488Z] <<< [apiv2][status] POST https://upload-firebasehosting.googleapis.com/upload/sites/classscan/versions/4ad0f5c565e8d32a/files/9dda00a7b66c3c6ef8de3d082dc284de30852c099ccfe14f1979b06faad4aa6f 200
[debug] [2026-04-01T15:57:07.488Z] <<< [apiv2][body] POST https://upload-firebasehosting.googleapis.com/upload/sites/classscan/versions/4ad0f5c565e8d32a/files/9dda00a7b66c3c6ef8de3d082dc284de30852c099ccfe14f1979b06faad4aa6f [stream]
[debug] [2026-04-01T15:57:07.739Z] <<< [apiv2][status] POST https://upload-firebasehosting.googleapis.com/upload/sites/classscan/versions/4ad0f5c565e8d32a/files/651927ed936bfb09fd7e8f95dbf30a753e3f300acec7696451c77dfd1eaa7b1a 200
[debug] [2026-04-01T15:57:07.739Z] <<< [apiv2][body] POST https://upload-firebasehosting.googleapis.com/upload/sites/classscan/versions/4ad0f5c565e8d32a/files/651927ed936bfb09fd7e8f95dbf30a753e3f300acec7696451c77dfd1eaa7b1a [stream]
[debug] [2026-04-01T15:57:07.740Z] [hosting][upload queue][FINAL] {"max":2322,"min":1891,"avg":2094.6666666666665,"active":0,"complete":3,"success":3,"errored":0,"retried":0,"total":3,"elapsed":2326}
[info] +  hosting[classscan]: file upload complete 
[debug] [2026-04-01T15:57:07.741Z] [hosting] deploy completed after 4331ms
[debug] [2026-04-01T15:57:07.742Z] [
  {
    "config": {
      "site": "classscan",
      "public": "build/web",
      "ignore": [
        "firebase.json",
        "**/.*",
        "**/node_modules/**"
      ],
      "rewrites": [
        {
          "source": "**",
          "destination": "/index.html"
        }
      ]
    },
    "version": "projects/718827611886/sites/classscan/versions/4ad0f5c565e8d32a"
  }
]
[info] i  hosting[classscan]: finalizing version... 
[debug] [2026-04-01T15:57:07.746Z] Checked if tokens are valid: true, expires at: 1775061071643
[debug] [2026-04-01T15:57:07.746Z] Checked if tokens are valid: true, expires at: 1775061071643
[debug] [2026-04-01T15:57:07.746Z] >>> [apiv2][query] PATCH https://firebasehosting.googleapis.com/v1beta1/projects/-/sites/classscan/versions/4ad0f5c565e8d32a updateMask=status%2Cconfig
[debug] [2026-04-01T15:57:07.746Z] >>> [apiv2][body] PATCH https://firebasehosting.googleapis.com/v1beta1/projects/-/sites/classscan/versions/4ad0f5c565e8d32a {"status":"FINALIZED","config":{"rewrites":[{"glob":"**","path":"/index.html"}]}}
[debug] [2026-04-01T15:57:08.464Z] <<< [apiv2][status] PATCH https://firebasehosting.googleapis.com/v1beta1/projects/-/sites/classscan/versions/4ad0f5c565e8d32a 200
[debug] [2026-04-01T15:57:08.464Z] <<< [apiv2][body] PATCH https://firebasehosting.googleapis.com/v1beta1/projects/-/sites/classscan/versions/4ad0f5c565e8d32a {"name":"projects/718827611886/sites/classscan/versions/4ad0f5c565e8d32a","status":"FINALIZED","config":{"rewrites":[{"glob":"**","path":"/index.html"}]},"labels":{"deployment-tool":"cli-firebase"},"createTime":"2026-04-01T15:56:42.744498Z","createUser":{"email":"danryuzaki00@gmail.com"},"finalizeTime":"2026-04-01T15:57:07.855281Z","finalizeUser":{"email":"danryuzaki00@gmail.com"}}
[debug] [2026-04-01T15:57:08.465Z] [hosting] finalized version for classscan:[object Object]
[info] +  hosting[classscan]: version finalized 
[info] i  hosting[classscan]: releasing new version... 
[debug] [2026-04-01T15:57:08.467Z] Checked if tokens are valid: true, expires at: 1775061071643
[debug] [2026-04-01T15:57:08.467Z] Checked if tokens are valid: true, expires at: 1775061071643
[debug] [2026-04-01T15:57:08.468Z] >>> [apiv2][query] POST https://firebasehosting.googleapis.com/v1beta1/projects/-/sites/classscan/channels/live/releases versionName=projects%2F718827611886%2Fsites%2Fclassscan%2Fversions%2F4ad0f5c565e8d32a
[debug] [2026-04-01T15:57:08.468Z] >>> [apiv2][body] POST https://firebasehosting.googleapis.com/v1beta1/projects/-/sites/classscan/channels/live/releases {}
[debug] [2026-04-01T15:57:11.253Z] <<< [apiv2][status] POST https://firebasehosting.googleapis.com/v1beta1/projects/-/sites/classscan/channels/live/releases 200
[debug] [2026-04-01T15:57:11.253Z] <<< [apiv2][body] POST https://firebasehosting.googleapis.com/v1beta1/projects/-/sites/classscan/channels/live/releases {"name":"projects/718827611886/sites/classscan/channels/live/releases/1775059028236000","version":{"name":"projects/718827611886/sites/classscan/versions/4ad0f5c565e8d32a","status":"FINALIZED","config":{"rewrites":[{"glob":"**","path":"/index.html"}]},"labels":{"deployment-tool":"cli-firebase"},"createTime":"2026-04-01T15:56:42.744498Z","createUser":{"email":"danryuzaki00@gmail.com","imageUrl":"https://lh3.googleusercontent.com/a/ACg8ocIzrMyu0rTbfOEtC3J37rcbBBqWkJbj-WKdoPKMLQdPiUbGADI"},"finalizeTime":"2026-04-01T15:57:07.855281Z","finalizeUser":{"email":"danryuzaki00@gmail.com","imageUrl":"https://lh3.googleusercontent.com/a/ACg8ocIzrMyu0rTbfOEtC3J37rcbBBqWkJbj-WKdoPKMLQdPiUbGADI"}},"type":"DEPLOY","releaseTime":"2026-04-01T15:57:08.236Z","releaseUser":{"email":"danryuzaki00@gmail.com","imageUrl":"https://lh3.googleusercontent.com/a/ACg8ocIzrMyu0rTbfOEtC3J37rcbBBqWkJbj-WKdoPKMLQdPiUbGADI"}}
[debug] [2026-04-01T15:57:11.254Z] [hosting] release: {"name":"projects/718827611886/sites/classscan/channels/live/releases/1775059028236000","version":{"name":"projects/718827611886/sites/classscan/versions/4ad0f5c565e8d32a","status":"FINALIZED","config":{"rewrites":[{"glob":"**","path":"/index.html"}]},"labels":{"deployment-tool":"cli-firebase"},"createTime":"2026-04-01T15:56:42.744498Z","createUser":{"email":"danryuzaki00@gmail.com","imageUrl":"https://lh3.googleusercontent.com/a/ACg8ocIzrMyu0rTbfOEtC3J37rcbBBqWkJbj-WKdoPKMLQdPiUbGADI"},"finalizeTime":"2026-04-01T15:57:07.855281Z","finalizeUser":{"email":"danryuzaki00@gmail.com","imageUrl":"https://lh3.googleusercontent.com/a/ACg8ocIzrMyu0rTbfOEtC3J37rcbBBqWkJbj-WKdoPKMLQdPiUbGADI"}},"type":"DEPLOY","releaseTime":"2026-04-01T15:57:08.236Z","releaseUser":{"email":"danryuzaki00@gmail.com","imageUrl":"https://lh3.googleusercontent.com/a/ACg8ocIzrMyu0rTbfOEtC3J37rcbBBqWkJbj-WKdoPKMLQdPiUbGADI"}}
[info] +  hosting[classscan]: release complete 
[info] 
[info] +  Deploy complete! 
[info] 
[info] Project Console: https://console.firebase.google.com/project/qrbasedwebassistedattendances/overview
[info] Hosting URL: https://classscan.web.app
[debug] [2026-04-01T15:57:16.377Z] Error: Timed out.
    at Timeout._onTimeout (C:\Users\Pavillion\AppData\Roaming\npm\node_modules\firebase-tools\lib\utils.js:308:49)
    at listOnTimeout (node:internal/timers:605:17)
    at process.processTimers (node:internal/timers:541:7)
[error] 
[error] Error: An unexpected error has occurred.
